<?xml version="1.0" encoding="UTF-8"?>
<testsuite xmlns:xsi="http://www.w3.org/2001/XMLSchema-instance" xsi:noNamespaceSchemaLocation="https://maven.apache.org/surefire/maven-surefire-plugin/xsd/surefire-test-report-3.0.xsd" version="3.0" name="StepDefinitions.TestRunner" time="50.723" tests="4" errors="0" skipped="0" failures="0">
  <properties>
    <property name="sun.desktop" value="windows"/>
    <property name="awt.toolkit" value="sun.awt.windows.WToolkit"/>
    <property name="java.specification.version" value="9"/>
    <property name="file.encoding.pkg" value="sun.io"/>
    <property name="sun.cpu.isalist" value="amd64"/>
    <property name="sun.jnu.encoding" value="Cp1252"/>
    <property name="java.class.path" value="C:\Users\Testit\OneDrive\Desktop\WestpacTest\WP-KS_CalcTest4ForDemoTesting\target\test-classes;C:\Users\Testit\OneDrive\Desktop\WestpacTest\WP-KS_CalcTest4ForDemoTesting\target\classes;C:\Users\Testit\.m2\repository\io\cucumber\cucumber-java\5.7.0\cucumber-java-5.7.0.jar;C:\Users\Testit\.m2\repository\io\cucumber\cucumber-core\5.7.0\cucumber-core-5.7.0.jar;C:\Users\Testit\.m2\repository\io\cucumber\cucumber-gherkin\5.7.0\cucumber-gherkin-5.7.0.jar;C:\Users\Testit\.m2\repository\io\cucumber\cucumber-gherkin-vintage\5.7.0\cucumber-gherkin-vintage-5.7.0.jar;C:\Users\Testit\.m2\repository\io\cucumber\tag-expressions\2.0.4\tag-expressions-2.0.4.jar;C:\Users\Testit\.m2\repository\io\cucumber\cucumber-expressions\8.3.1\cucumber-expressions-8.3.1.jar;C:\Users\Testit\.m2\repository\io\cucumber\datatable\3.3.1\datatable-3.3.1.jar;C:\Users\Testit\.m2\repository\io\cucumber\cucumber-plugin\5.7.0\cucumber-plugin-5.7.0.jar;C:\Users\Testit\.m2\repository\io\cucumber\docstring\5.7.0\docstring-5.7.0.jar;C:\Users\Testit\.m2\repository\org\apiguardian\apiguardian-api\1.1.0\apiguardian-api-1.1.0.jar;C:\Users\Testit\.m2\repository\io\cucumber\cucumber-junit\5.7.0\cucumber-junit-5.7.0.jar;C:\Users\Testit\.m2\repository\junit\junit\4.13\junit-4.13.jar;C:\Users\Testit\.m2\repository\org\hamcrest\hamcrest-core\1.3\hamcrest-core-1.3.jar;C:\Users\Testit\.m2\repository\org\seleniumhq\selenium\selenium-java\4.0.0-alpha-6\selenium-java-4.0.0-alpha-6.jar;C:\Users\Testit\.m2\repository\org\seleniumhq\selenium\selenium-api\4.0.0-alpha-6\selenium-api-4.0.0-alpha-6.jar;C:\Users\Testit\.m2\repository\org\seleniumhq\selenium\selenium-chrome-driver\4.0.0-alpha-6\selenium-chrome-driver-4.0.0-alpha-6.jar;C:\Users\Testit\.m2\repository\com\google\auto\service\auto-service-annotations\1.0-rc6\auto-service-annotations-1.0-rc6.jar;C:\Users\Testit\.m2\repository\com\google\auto\service\auto-service\1.0-rc6\auto-service-1.0-rc6.jar;C:\Users\Testit\.m2\repository\com\google\auto\auto-common\0.10\auto-common-0.10.jar;C:\Users\Testit\.m2\repository\com\google\guava\guava\29.0-jre\guava-29.0-jre.jar;C:\Users\Testit\.m2\repository\com\google\guava\failureaccess\1.0.1\failureaccess-1.0.1.jar;C:\Users\Testit\.m2\repository\com\google\guava\listenablefuture\9999.0-empty-to-avoid-conflict-with-guava\listenablefuture-9999.0-empty-to-avoid-conflict-with-guava.jar;C:\Users\Testit\.m2\repository\com\google\code\findbugs\jsr305\3.0.2\jsr305-3.0.2.jar;C:\Users\Testit\.m2\repository\org\checkerframework\checker-qual\2.11.1\checker-qual-2.11.1.jar;C:\Users\Testit\.m2\repository\com\google\errorprone\error_prone_annotations\2.3.4\error_prone_annotations-2.3.4.jar;C:\Users\Testit\.m2\repository\com\google\j2objc\j2objc-annotations\1.3\j2objc-annotations-1.3.jar;C:\Users\Testit\.m2\repository\org\seleniumhq\selenium\selenium-chromium-driver\4.0.0-alpha-6\selenium-chromium-driver-4.0.0-alpha-6.jar;C:\Users\Testit\.m2\repository\org\seleniumhq\selenium\selenium-devtools\4.0.0-alpha-6\selenium-devtools-4.0.0-alpha-6.jar;C:\Users\Testit\.m2\repository\org\seleniumhq\selenium\selenium-http\4.0.0-alpha-6\selenium-http-4.0.0-alpha-6.jar;C:\Users\Testit\.m2\repository\org\seleniumhq\selenium\selenium-json\4.0.0-alpha-6\selenium-json-4.0.0-alpha-6.jar;C:\Users\Testit\.m2\repository\org\seleniumhq\selenium\selenium-edge-driver\4.0.0-alpha-6\selenium-edge-driver-4.0.0-alpha-6.jar;C:\Users\Testit\.m2\repository\org\seleniumhq\selenium\selenium-edgehtml-driver\4.0.0-alpha-6\selenium-edgehtml-driver-4.0.0-alpha-6.jar;C:\Users\Testit\.m2\repository\org\seleniumhq\selenium\selenium-firefox-driver\4.0.0-alpha-6\selenium-firefox-driver-4.0.0-alpha-6.jar;C:\Users\Testit\.m2\repository\org\seleniumhq\selenium\selenium-firefox-xpi-driver\4.0.0-alpha-6\selenium-firefox-xpi-driver-4.0.0-alpha-6.jar;C:\Users\Testit\.m2\repository\org\seleniumhq\selenium\selenium-ie-driver\4.0.0-alpha-6\selenium-ie-driver-4.0.0-alpha-6.jar;C:\Users\Testit\.m2\repository\org\seleniumhq\selenium\selenium-opera-driver\4.0.0-alpha-6\selenium-opera-driver-4.0.0-alpha-6.jar;C:\Users\Testit\.m2\repository\org\seleniumhq\selenium\selenium-remote-driver\4.0.0-alpha-6\selenium-remote-driver-4.0.0-alpha-6.jar;C:\Users\Testit\.m2\repository\com\squareup\okhttp3\okhttp\4.5.0\okhttp-4.5.0.jar;C:\Users\Testit\.m2\repository\org\jetbrains\kotlin\kotlin-stdlib\1.3.70\kotlin-stdlib-1.3.70.jar;C:\Users\Testit\.m2\repository\org\jetbrains\annotations\13.0\annotations-13.0.jar;C:\Users\Testit\.m2\repository\com\squareup\okio\okio\2.6.0\okio-2.6.0.jar;C:\Users\Testit\.m2\repository\org\jetbrains\kotlin\kotlin-stdlib-common\1.3.70\kotlin-stdlib-common-1.3.70.jar;C:\Users\Testit\.m2\repository\com\typesafe\netty\netty-reactive-streams\2.0.4\netty-reactive-streams-2.0.4.jar;C:\Users\Testit\.m2\repository\io\netty\netty-handler\4.1.43.Final\netty-handler-4.1.43.Final.jar;C:\Users\Testit\.m2\repository\org\reactivestreams\reactive-streams\1.0.3\reactive-streams-1.0.3.jar;C:\Users\Testit\.m2\repository\io\grpc\grpc-context\1.28.0\grpc-context-1.28.0.jar;C:\Users\Testit\.m2\repository\io\netty\netty-buffer\4.1.49.Final\netty-buffer-4.1.49.Final.jar;C:\Users\Testit\.m2\repository\io\netty\netty-common\4.1.49.Final\netty-common-4.1.49.Final.jar;C:\Users\Testit\.m2\repository\io\netty\netty-codec-http\4.1.49.Final\netty-codec-http-4.1.49.Final.jar;C:\Users\Testit\.m2\repository\io\netty\netty-codec\4.1.49.Final\netty-codec-4.1.49.Final.jar;C:\Users\Testit\.m2\repository\io\netty\netty-transport-native-epoll\4.1.49.Final\netty-transport-native-epoll-4.1.49.Final.jar;C:\Users\Testit\.m2\repository\io\netty\netty-transport-native-epoll\4.1.49.Final\netty-transport-native-epoll-4.1.49.Final-linux-x86_64.jar;C:\Users\Testit\.m2\repository\io\netty\netty-transport-native-kqueue\4.1.49.Final\netty-transport-native-kqueue-4.1.49.Final.jar;C:\Users\Testit\.m2\repository\io\netty\netty-transport-native-kqueue\4.1.49.Final\netty-transport-native-kqueue-4.1.49.Final-osx-x86_64.jar;C:\Users\Testit\.m2\repository\io\netty\netty-transport-native-unix-common\4.1.49.Final\netty-transport-native-unix-common-4.1.49.Final.jar;C:\Users\Testit\.m2\repository\io\netty\netty-transport\4.1.49.Final\netty-transport-4.1.49.Final.jar;C:\Users\Testit\.m2\repository\io\netty\netty-resolver\4.1.49.Final\netty-resolver-4.1.49.Final.jar;C:\Users\Testit\.m2\repository\io\opentelemetry\opentelemetry-api\0.4.0\opentelemetry-api-0.4.0.jar;C:\Users\Testit\.m2\repository\io\opentelemetry\opentelemetry-context-prop\0.4.0\opentelemetry-context-prop-0.4.0.jar;C:\Users\Testit\.m2\repository\io\opentelemetry\opentelemetry-sdk\0.4.0\opentelemetry-sdk-0.4.0.jar;C:\Users\Testit\.m2\repository\io\projectreactor\netty\reactor-netty\0.9.6.RELEASE\reactor-netty-0.9.6.RELEASE.jar;C:\Users\Testit\.m2\repository\io\netty\netty-codec-http2\4.1.48.Final\netty-codec-http2-4.1.48.Final.jar;C:\Users\Testit\.m2\repository\io\netty\netty-handler-proxy\4.1.48.Final\netty-handler-proxy-4.1.48.Final.jar;C:\Users\Testit\.m2\repository\io\projectreactor\reactor-core\3.3.5.RELEASE\reactor-core-3.3.5.RELEASE.jar;C:\Users\Testit\.m2\repository\net\bytebuddy\byte-buddy\1.10.9\byte-buddy-1.10.9.jar;C:\Users\Testit\.m2\repository\org\apache\commons\commons-exec\1.3\commons-exec-1.3.jar;C:\Users\Testit\.m2\repository\org\asynchttpclient\async-http-client\2.12.1\async-http-client-2.12.1.jar;C:\Users\Testit\.m2\repository\org\asynchttpclient\async-http-client-netty-utils\2.12.1\async-http-client-netty-utils-2.12.1.jar;C:\Users\Testit\.m2\repository\io\netty\netty-codec-socks\4.1.48.Final\netty-codec-socks-4.1.48.Final.jar;C:\Users\Testit\.m2\repository\org\slf4j\slf4j-api\1.7.30\slf4j-api-1.7.30.jar;C:\Users\Testit\.m2\repository\com\sun\activation\javax.activation\1.2.0\javax.activation-1.2.0.jar;C:\Users\Testit\.m2\repository\org\seleniumhq\selenium\selenium-safari-driver\4.0.0-alpha-6\selenium-safari-driver-4.0.0-alpha-6.jar;C:\Users\Testit\.m2\repository\org\seleniumhq\selenium\selenium-support\4.0.0-alpha-6\selenium-support-4.0.0-alpha-6.jar;C:\Users\Testit\.m2\repository\io\cucumber\cucumber-html\0.2.7\cucumber-html-0.2.7.jar;"/>
    <property name="java.vm.vendor" value="Oracle Corporation"/>
    <property name="sun.arch.data.model" value="64"/>
    <property name="user.variant" value=""/>
    <property name="java.vendor.url" value="http://java.oracle.com/"/>
    <property name="user.timezone" value="Pacific/Auckland"/>
    <property name="java.vm.specification.version" value="9"/>
    <property name="os.name" value="Windows 10"/>
    <property name="sun.java.launcher" value="SUN_STANDARD"/>
    <property name="user.country" value="NZ"/>
    <property name="sun.boot.library.path" value="C:\Program Files\Java\jdk-9.0.4\bin"/>
    <property name="sun.java.command" value="C:\Users\Testit\AppData\Local\Temp\surefire1822007664160535443\surefirebooter3341085031288114647.jar C:\Users\Testit\AppData\Local\Temp\surefire1822007664160535443 2020-07-10T10-37-29_197-jvmRun1 surefire17350592607902494735tmp surefire_08143247570831258085tmp"/>
    <property name="jdk.debug" value="release"/>
    <property name="surefire.test.class.path" value="C:\Users\Testit\OneDrive\Desktop\WestpacTest\WP-KS_CalcTest4ForDemoTesting\target\test-classes;C:\Users\Testit\OneDrive\Desktop\WestpacTest\WP-KS_CalcTest4ForDemoTesting\target\classes;C:\Users\Testit\.m2\repository\io\cucumber\cucumber-java\5.7.0\cucumber-java-5.7.0.jar;C:\Users\Testit\.m2\repository\io\cucumber\cucumber-core\5.7.0\cucumber-core-5.7.0.jar;C:\Users\Testit\.m2\repository\io\cucumber\cucumber-gherkin\5.7.0\cucumber-gherkin-5.7.0.jar;C:\Users\Testit\.m2\repository\io\cucumber\cucumber-gherkin-vintage\5.7.0\cucumber-gherkin-vintage-5.7.0.jar;C:\Users\Testit\.m2\repository\io\cucumber\tag-expressions\2.0.4\tag-expressions-2.0.4.jar;C:\Users\Testit\.m2\repository\io\cucumber\cucumber-expressions\8.3.1\cucumber-expressions-8.3.1.jar;C:\Users\Testit\.m2\repository\io\cucumber\datatable\3.3.1\datatable-3.3.1.jar;C:\Users\Testit\.m2\repository\io\cucumber\cucumber-plugin\5.7.0\cucumber-plugin-5.7.0.jar;C:\Users\Testit\.m2\repository\io\cucumber\docstring\5.7.0\docstring-5.7.0.jar;C:\Users\Testit\.m2\repository\org\apiguardian\apiguardian-api\1.1.0\apiguardian-api-1.1.0.jar;C:\Users\Testit\.m2\repository\io\cucumber\cucumber-junit\5.7.0\cucumber-junit-5.7.0.jar;C:\Users\Testit\.m2\repository\junit\junit\4.13\junit-4.13.jar;C:\Users\Testit\.m2\repository\org\hamcrest\hamcrest-core\1.3\hamcrest-core-1.3.jar;C:\Users\Testit\.m2\repository\org\seleniumhq\selenium\selenium-java\4.0.0-alpha-6\selenium-java-4.0.0-alpha-6.jar;C:\Users\Testit\.m2\repository\org\seleniumhq\selenium\selenium-api\4.0.0-alpha-6\selenium-api-4.0.0-alpha-6.jar;C:\Users\Testit\.m2\repository\org\seleniumhq\selenium\selenium-chrome-driver\4.0.0-alpha-6\selenium-chrome-driver-4.0.0-alpha-6.jar;C:\Users\Testit\.m2\repository\com\google\auto\service\auto-service-annotations\1.0-rc6\auto-service-annotations-1.0-rc6.jar;C:\Users\Testit\.m2\repository\com\google\auto\service\auto-service\1.0-rc6\auto-service-1.0-rc6.jar;C:\Users\Testit\.m2\repository\com\google\auto\auto-common\0.10\auto-common-0.10.jar;C:\Users\Testit\.m2\repository\com\google\guava\guava\29.0-jre\guava-29.0-jre.jar;C:\Users\Testit\.m2\repository\com\google\guava\failureaccess\1.0.1\failureaccess-1.0.1.jar;C:\Users\Testit\.m2\repository\com\google\guava\listenablefuture\9999.0-empty-to-avoid-conflict-with-guava\listenablefuture-9999.0-empty-to-avoid-conflict-with-guava.jar;C:\Users\Testit\.m2\repository\com\google\code\findbugs\jsr305\3.0.2\jsr305-3.0.2.jar;C:\Users\Testit\.m2\repository\org\checkerframework\checker-qual\2.11.1\checker-qual-2.11.1.jar;C:\Users\Testit\.m2\repository\com\google\errorprone\error_prone_annotations\2.3.4\error_prone_annotations-2.3.4.jar;C:\Users\Testit\.m2\repository\com\google\j2objc\j2objc-annotations\1.3\j2objc-annotations-1.3.jar;C:\Users\Testit\.m2\repository\org\seleniumhq\selenium\selenium-chromium-driver\4.0.0-alpha-6\selenium-chromium-driver-4.0.0-alpha-6.jar;C:\Users\Testit\.m2\repository\org\seleniumhq\selenium\selenium-devtools\4.0.0-alpha-6\selenium-devtools-4.0.0-alpha-6.jar;C:\Users\Testit\.m2\repository\org\seleniumhq\selenium\selenium-http\4.0.0-alpha-6\selenium-http-4.0.0-alpha-6.jar;C:\Users\Testit\.m2\repository\org\seleniumhq\selenium\selenium-json\4.0.0-alpha-6\selenium-json-4.0.0-alpha-6.jar;C:\Users\Testit\.m2\repository\org\seleniumhq\selenium\selenium-edge-driver\4.0.0-alpha-6\selenium-edge-driver-4.0.0-alpha-6.jar;C:\Users\Testit\.m2\repository\org\seleniumhq\selenium\selenium-edgehtml-driver\4.0.0-alpha-6\selenium-edgehtml-driver-4.0.0-alpha-6.jar;C:\Users\Testit\.m2\repository\org\seleniumhq\selenium\selenium-firefox-driver\4.0.0-alpha-6\selenium-firefox-driver-4.0.0-alpha-6.jar;C:\Users\Testit\.m2\repository\org\seleniumhq\selenium\selenium-firefox-xpi-driver\4.0.0-alpha-6\selenium-firefox-xpi-driver-4.0.0-alpha-6.jar;C:\Users\Testit\.m2\repository\org\seleniumhq\selenium\selenium-ie-driver\4.0.0-alpha-6\selenium-ie-driver-4.0.0-alpha-6.jar;C:\Users\Testit\.m2\repository\org\seleniumhq\selenium\selenium-opera-driver\4.0.0-alpha-6\selenium-opera-driver-4.0.0-alpha-6.jar;C:\Users\Testit\.m2\repository\org\seleniumhq\selenium\selenium-remote-driver\4.0.0-alpha-6\selenium-remote-driver-4.0.0-alpha-6.jar;C:\Users\Testit\.m2\repository\com\squareup\okhttp3\okhttp\4.5.0\okhttp-4.5.0.jar;C:\Users\Testit\.m2\repository\org\jetbrains\kotlin\kotlin-stdlib\1.3.70\kotlin-stdlib-1.3.70.jar;C:\Users\Testit\.m2\repository\org\jetbrains\annotations\13.0\annotations-13.0.jar;C:\Users\Testit\.m2\repository\com\squareup\okio\okio\2.6.0\okio-2.6.0.jar;C:\Users\Testit\.m2\repository\org\jetbrains\kotlin\kotlin-stdlib-common\1.3.70\kotlin-stdlib-common-1.3.70.jar;C:\Users\Testit\.m2\repository\com\typesafe\netty\netty-reactive-streams\2.0.4\netty-reactive-streams-2.0.4.jar;C:\Users\Testit\.m2\repository\io\netty\netty-handler\4.1.43.Final\netty-handler-4.1.43.Final.jar;C:\Users\Testit\.m2\repository\org\reactivestreams\reactive-streams\1.0.3\reactive-streams-1.0.3.jar;C:\Users\Testit\.m2\repository\io\grpc\grpc-context\1.28.0\grpc-context-1.28.0.jar;C:\Users\Testit\.m2\repository\io\netty\netty-buffer\4.1.49.Final\netty-buffer-4.1.49.Final.jar;C:\Users\Testit\.m2\repository\io\netty\netty-common\4.1.49.Final\netty-common-4.1.49.Final.jar;C:\Users\Testit\.m2\repository\io\netty\netty-codec-http\4.1.49.Final\netty-codec-http-4.1.49.Final.jar;C:\Users\Testit\.m2\repository\io\netty\netty-codec\4.1.49.Final\netty-codec-4.1.49.Final.jar;C:\Users\Testit\.m2\repository\io\netty\netty-transport-native-epoll\4.1.49.Final\netty-transport-native-epoll-4.1.49.Final.jar;C:\Users\Testit\.m2\repository\io\netty\netty-transport-native-epoll\4.1.49.Final\netty-transport-native-epoll-4.1.49.Final-linux-x86_64.jar;C:\Users\Testit\.m2\repository\io\netty\netty-transport-native-kqueue\4.1.49.Final\netty-transport-native-kqueue-4.1.49.Final.jar;C:\Users\Testit\.m2\repository\io\netty\netty-transport-native-kqueue\4.1.49.Final\netty-transport-native-kqueue-4.1.49.Final-osx-x86_64.jar;C:\Users\Testit\.m2\repository\io\netty\netty-transport-native-unix-common\4.1.49.Final\netty-transport-native-unix-common-4.1.49.Final.jar;C:\Users\Testit\.m2\repository\io\netty\netty-transport\4.1.49.Final\netty-transport-4.1.49.Final.jar;C:\Users\Testit\.m2\repository\io\netty\netty-resolver\4.1.49.Final\netty-resolver-4.1.49.Final.jar;C:\Users\Testit\.m2\repository\io\opentelemetry\opentelemetry-api\0.4.0\opentelemetry-api-0.4.0.jar;C:\Users\Testit\.m2\repository\io\opentelemetry\opentelemetry-context-prop\0.4.0\opentelemetry-context-prop-0.4.0.jar;C:\Users\Testit\.m2\repository\io\opentelemetry\opentelemetry-sdk\0.4.0\opentelemetry-sdk-0.4.0.jar;C:\Users\Testit\.m2\repository\io\projectreactor\netty\reactor-netty\0.9.6.RELEASE\reactor-netty-0.9.6.RELEASE.jar;C:\Users\Testit\.m2\repository\io\netty\netty-codec-http2\4.1.48.Final\netty-codec-http2-4.1.48.Final.jar;C:\Users\Testit\.m2\repository\io\netty\netty-handler-proxy\4.1.48.Final\netty-handler-proxy-4.1.48.Final.jar;C:\Users\Testit\.m2\repository\io\projectreactor\reactor-core\3.3.5.RELEASE\reactor-core-3.3.5.RELEASE.jar;C:\Users\Testit\.m2\repository\net\bytebuddy\byte-buddy\1.10.9\byte-buddy-1.10.9.jar;C:\Users\Testit\.m2\repository\org\apache\commons\commons-exec\1.3\commons-exec-1.3.jar;C:\Users\Testit\.m2\repository\org\asynchttpclient\async-http-client\2.12.1\async-http-client-2.12.1.jar;C:\Users\Testit\.m2\repository\org\asynchttpclient\async-http-client-netty-utils\2.12.1\async-http-client-netty-utils-2.12.1.jar;C:\Users\Testit\.m2\repository\io\netty\netty-codec-socks\4.1.48.Final\netty-codec-socks-4.1.48.Final.jar;C:\Users\Testit\.m2\repository\org\slf4j\slf4j-api\1.7.30\slf4j-api-1.7.30.jar;C:\Users\Testit\.m2\repository\com\sun\activation\javax.activation\1.2.0\javax.activation-1.2.0.jar;C:\Users\Testit\.m2\repository\org\seleniumhq\selenium\selenium-safari-driver\4.0.0-alpha-6\selenium-safari-driver-4.0.0-alpha-6.jar;C:\Users\Testit\.m2\repository\org\seleniumhq\selenium\selenium-support\4.0.0-alpha-6\selenium-support-4.0.0-alpha-6.jar;C:\Users\Testit\.m2\repository\io\cucumber\cucumber-html\0.2.7\cucumber-html-0.2.7.jar;"/>
    <property name="sun.cpu.endian" value="little"/>
    <property name="user.home" value="C:\Users\Testit"/>
    <property name="user.language" value="en"/>
    <property name="java.specification.vendor" value="Oracle Corporation"/>
    <property name="java.home" value="C:\Program Files\Java\jdk-9.0.4"/>
    <property name="file.separator" value="\"/>
    <property name="basedir" value="C:\Users\Testit\OneDrive\Desktop\WestpacTest\WP-KS_CalcTest4ForDemoTesting"/>
    <property name="java.vm.compressedOopsMode" value="Zero based"/>
    <property name="line.separator" value="&#10;"/>
    <property name="java.vm.specification.vendor" value="Oracle Corporation"/>
    <property name="java.specification.name" value="Java Platform API Specification"/>
    <property name="java.awt.graphicsenv" value="sun.awt.Win32GraphicsEnvironment"/>
    <property name="surefire.real.class.path" value="C:\Users\Testit\AppData\Local\Temp\surefire1822007664160535443\surefirebooter3341085031288114647.jar"/>
    <property name="user.script" value=""/>
    <property name="sun.management.compiler" value="HotSpot 64-Bit Tiered Compilers"/>
    <property name="java.runtime.version" value="9.0.4+11"/>
    <property name="user.name" value="Testit"/>
    <property name="path.separator" value=";"/>
    <property name="os.version" value="10.0"/>
    <property name="java.runtime.name" value="Java(TM) SE Runtime Environment"/>
    <property name="file.encoding" value="Cp1252"/>
    <property name="java.vm.name" value="Java HotSpot(TM) 64-Bit Server VM"/>
    <property name="localRepository" value="C:\Users\Testit\.m2\repository"/>
    <property name="java.vendor.url.bug" value="http://bugreport.java.com/bugreport/"/>
    <property name="java.io.tmpdir" value="C:\Users\Testit\AppData\Local\Temp\"/>
    <property name="java.version" value="9.0.4"/>
    <property name="user.dir" value="C:\Users\Testit\OneDrive\Desktop\WestpacTest\WP-KS_CalcTest4ForDemoTesting"/>
    <property name="os.arch" value="amd64"/>
    <property name="java.vm.specification.name" value="Java Virtual Machine Specification"/>
    <property name="java.awt.printerjob" value="sun.awt.windows.WPrinterJob"/>
    <property name="sun.os.patch.level" value=""/>
    <property name="java.library.path" value="C:\Program Files\Java\jdk-9.0.4\bin;C:\WINDOWS\Sun\Java\bin;C:\WINDOWS\system32;C:\WINDOWS;C:\ProgramData\Anaconda3;C:\ProgramData\Anaconda3\Library\mingw-w64\bin;C:\ProgramData\Anaconda3\Library\usr\bin;C:\ProgramData\Anaconda3\Library\bin;C:\ProgramData\Anaconda3\Scripts;C:\ProgramData\Oracle\Java\javapath;C:\oraclexe\app\oracle\product\11.2.0\server\bin;C:\Python38\Scripts\;C:\Python38\;C:\Program Files\Microsoft MPI\Bin\;C:\Program Files (x86)\Common Files\Oracle\Java\javapath;C:\windows\system32;C:\windows;C:\windows\System32\Wbem;C:\windows\System32\WindowsPowerShell\v1.0\;C:\Program Files (x86)\NVIDIA Corporation\PhysX\Common;C:\WINDOWS\system32;C:\WINDOWS;C:\WINDOWS\System32\Wbem;C:\WINDOWS\System32\WindowsPowerShell\v1.0\;C:\WINDOWS\System32\OpenSSH\;C:\Program Files\Maven\apache-maven-3.5.4\bin;C:\Program Files\Java\jdk-9.0.4\bin;C:\Program Files\PuTTY\;C:\Program Files\dotnet\;C:\Program Files\Microsoft SQL Server\130\Tools\Binn\;C:\Program Files\Microsoft SQL Server\Client SDK\ODBC\130\Tools\Binn\;C:\Program Files (x86)\Microsoft SQL Server\140\Tools\Binn\;C:\Program Files\Microsoft SQL Server\140\Tools\Binn\;C:\Program Files\Microsoft SQL Server\140\DTS\Binn\;C:\Program Files (x86)\Microsoft SQL Server\Client SDK\ODBC\130\Tools\Binn\;C:\Program Files (x86)\Microsoft SQL Server\140\DTS\Binn\;C:\Program Files (x86)\Microsoft SQL Server\140\Tools\Binn\ManagementStudio\;C:\Program Files (x86)\Intel\Intel(R) Management Engine Components\DAL;C:\Program Files\Intel\Intel(R) Management Engine Components\DAL;C:\Program Files\Intel\WiFi\bin\;C:\Program Files\Common Files\Intel\WirelessCommon\;C:\Program Files\Microsoft SQL Server\Client SDK\ODBC\170\Tools\Binn\;C:\Program Files\Amazon\AWSCLIV2\;C:\Users\Testit\AppData\Local\Android\Sdk;C:\Program Files\Java\jdk-9.0.4;C:\Program Files\Java\jdk-9.0.4\bin\;C:\Users\Testit\AppData\Local\Android\Sdk\bin;C:\Users\Testit\AppData\Local\Android\Sdk\platform-tools;C:\Users\Testit\AppData\Local\Android\Sdk\tools;C:\Users\Testit\AppData\Local\Android\Sdk\tools\bin;C:\Users\Testit\Downloads\gradle-6.0.1-all\gradle-6.0.1\bin;C:\Program Files\Git\cmd;C:\ProgramData\chocolatey\bin;C:\Python38;C:\Python38\Scripts;C:\Softwaredurga\mysql-connector-java-5.1.49\mysql-connector-java-5.1.49-bin.jar;C:\Program Files\nodejs\;C:\Users\Testit\AppData\Local\Programs\Python\Python38-32\Scripts\;C:\Users\Testit\AppData\Local\Programs\Python\Python38-32\;C:\Program Files\MySQL\MySQL Shell 8.0\bin\;C:\Users\Testit\AppData\Local\Microsoft\WindowsApps;C:\Users\Testit\AppData\Local\Programs\Microsoft VS Code\bin;C:\Users\Testit\.dotnet\tools;C:\Program Files\JetBrains\IntelliJ IDEA Community Edition 2019.3\bin;C:\Users\Testit\AppData\Local\GitHubDesktop\bin;C:\Program Files\JetBrains\PyCharm Community Edition 2020.1.2\bin;;C:\Users\Testit\AppData\Roaming\npm;."/>
    <property name="java.vm.info" value="mixed mode"/>
    <property name="java.vendor" value="Oracle Corporation"/>
    <property name="java.vm.version" value="9.0.4+11"/>
    <property name="sun.io.unicode.encoding" value="UnicodeLittle"/>
    <property name="java.class.version" value="53.0"/>
  </properties>
  <testcase name="TC02_High Riskprofile able to calculate projected balance at retirement" classname="Calculate Projected balance" time="12.899">
    <system-out><![CDATA[
@tag=
Scenario: TC02_High Riskprofile able to calculate projected balance at retirement # src/test/resources/Features/HighRiskProfileCalculate projected balance.feature:9
C:\Users\Testit\OneDrive\Desktop\WestpacTest\WP-KS_CalcTest4ForDemoTesting
Clicked on main page
  Given user is on KiwisaverretirementCalculator                                  # StepDefinitions.HighRiskProfileCalculateProjectedBalanceSteps.user_is_on_KiwisaverretirementCalculator()
  And user enters Current age is 30years                                          # StepDefinitions.HighRiskProfileCalculateProjectedBalanceSteps.user_enters_Current_age_is_30years()

Employed
  And user enters Employment status as employed                                   # StepDefinitions.HighRiskProfileCalculateProjectedBalanceSteps.user_enters_Employment_status_as_employed()
  And user enters annual salary 82000                                             # StepDefinitions.HighRiskProfileCalculateProjectedBalanceSteps.user_enters_annual_salary_82000()
  And user enters Kiwisaver Contriubtion 4percentage                              # StepDefinitions.HighRiskProfileCalculateProjectedBalanceSteps.user_enters_Kiwisaver_Contriubtion_4percentage()
  And user chooses high risk profile                                              # StepDefinitions.HighRiskProfileCalculateProjectedBalanceSteps.user_chooses_high_risk_profile()
  When user Clicks on View your Kiwisaver Retirement projection                   # StepDefinitions.HighRiskProfileCalculateProjectedBalanceSteps.user_Clicks_on_View_your_Kiwisaver_Retirement_projection()
  Then User able to view Summary                                                  # StepDefinitions.HighRiskProfileCalculateProjectedBalanceSteps.user_able_to_view_Summary()
  Then Checks the Summary Fields                                                  # StepDefinitions.HighRiskProfileCalculateProjectedBalanceSteps.checks_the_Summary_Fields()
]]></system-out>
    <system-err><![CDATA[Jul 10, 2020 10:37:30 AM io.cucumber.junit.Cucumber <init>
WARNING: By default Cucumber is running in --non-strict mode.
This default will change to --strict and --non-strict will be removed.
You can use --strict or @CucumberOptions(strict = true) to suppress this warning
SLF4J: Failed to load class "org.slf4j.impl.StaticLoggerBinder".
SLF4J: Defaulting to no-operation (NOP) logger implementation
SLF4J: See http://www.slf4j.org/codes.html#StaticLoggerBinder for further details.
Starting ChromeDriver 83.0.4103.39 (ccbf011cb2d2b19b506d844400483861342c20cd-refs/branch-heads/4103@{#416}) on port 29853
Only local connections are allowed.
Please see https://chromedriver.chromium.org/security-considerations for suggestions on keeping ChromeDriver safe.
ChromeDriver was started successfully.
Jul 10, 2020 10:37:37 AM org.openqa.selenium.remote.ProtocolHandshake createSession
INFO: Detected dialect: W3C
]]></system-err>
  </testcase>
  <testcase name="TC01_User clicks on infomration icon besides Current age" classname="Westpac KiwiSaver Scheme Retirement Calculator" time="9.241">
    <system-out><![CDATA[
Scenario: TC01_User clicks on infomration icon besides Current age # src/test/resources/Features/KiwiSaverCalculatorSelection.feature:9
C:\Users\Testit\OneDrive\Desktop\WestpacTest\WP-KS_CalcTest4ForDemoTesting
Clicked on main page
I am in the Frame
  Given user is on KiwiSaver Retirement Calculator page            # StepDefinitions.HighRiskProfileCalculateProjectedBalance.user_is_on_KiwiSaver_Retirement_Calculator_page()
  When user clicks information icon besides Current age            # StepDefinitions.HighRiskProfileCalculateProjectedBalance.user_clicks_information_icon_besides_Current_age()
  Then valid help text  message for age  displayed                 # StepDefinitions.HighRiskProfileCalculateProjectedBalance.valid_help_text_message_for_age_displayed()
  When user clicks on Employment status icon                       # StepDefinitions.HighRiskProfileCalculateProjectedBalance.user_clicks_on_Employment_status_icon()
  Then employment status help text displayed                       # StepDefinitions.HighRiskProfileCalculateProjectedBalance.employment_status_help_text_displayed()
  When user clicks on Current KiwiSavebalance icon                 # StepDefinitions.HighRiskProfileCalculateProjectedBalance.user_clicks_on_Current_KiwiSavebalance_icon()
  Then kiwisaver balance information is dispalyed                  # StepDefinitions.HighRiskProfileCalculateProjectedBalance.kiwisaver_balance_information_is_dispalyed()
  When user clicks on voluntary contributions help icon            # StepDefinitions.HighRiskProfileCalculateProjectedBalance.user_clicks_on_voluntary_contributions_help_icon()
  Then volunatry contribution infromation is displayed             # StepDefinitions.HighRiskProfileCalculateProjectedBalance.volunatry_contribution_infromation_is_displayed()
  When user clicks on RiskProfile icon                             # StepDefinitions.HighRiskProfileCalculateProjectedBalance.user_clicks_on_RiskProfile_icon()
  Then riskProfile information help information dsiplayed          # StepDefinitions.HighRiskProfileCalculateProjectedBalance.riskprofile_information_help_information_dsiplayed()
  When user clicks on savings goal at retirement icon              # StepDefinitions.HighRiskProfileCalculateProjectedBalance.user_clicks_on_savings_goal_at_retirement_icon()
  Then savings goal at retirement help information is displayed    # StepDefinitions.HighRiskProfileCalculateProjectedBalance.savings_goal_at_retirement_help_information_is_displayed()
]]></system-out>
    <system-err><![CDATA[Starting ChromeDriver 83.0.4103.39 (ccbf011cb2d2b19b506d844400483861342c20cd-refs/branch-heads/4103@{#416}) on port 15841
Only local connections are allowed.
Please see https://chromedriver.chromium.org/security-considerations for suggestions on keeping ChromeDriver safe.
ChromeDriver was started successfully.
Jul 10, 2020 10:37:46 AM org.openqa.selenium.remote.ProtocolHandshake createSession
INFO: Detected dialect: W3C
]]></system-err>
  </testcase>
  <testcase name="TestCase4_NotEEmployed able to view Projected projected at his retirement" classname="As a Product Owner" time="14.131">
    <system-out><![CDATA[
Scenario: TestCase4_NotEEmployed able to view Projected projected at his retirement # src/test/resources/Features/NotEmployedCalculateProjectedBalance.feature:10
C:\Users\Testit\OneDrive\Desktop\WestpacTest\WP-KS_CalcTest4ForDemoTesting
Clicked on main page
  Given Not Employed is on KiwisaverretirementCalculator                            # StepDefinitions.NotEmployedCalculateProjectedBalanceSteps.not_Employed_is_on_KiwisaverretirementCalculator()
  Given Not Employed enters age 55Years                                             # StepDefinitions.NotEmployedCalculateProjectedBalanceSteps.not_Employed_enters_age_55Years()

Employed
Self-employed
Not employed
  Given Not Employed enters Employment status as Not-employed                       # StepDefinitions.NotEmployedCalculateProjectedBalanceSteps.not_Employed_enters_Employment_status_as_Not_employed()
  Given Not Employed enters kiwisaver balance $140000                               # StepDefinitions.NotEmployedCalculateProjectedBalanceSteps.not_Employed_enters_kiwisaver_balance_$140000()
size:5





  Given Not Employed enters voluntary contribution $10  annually                    # StepDefinitions.NotEmployedCalculateProjectedBalanceSteps.not_Employed_enters_voluntary_contribution_$10_annually()
  Given Not Employed chooses medium risk profile                                    # StepDefinitions.NotEmployedCalculateProjectedBalanceSteps.not_Employed_chooses_medium_risk_profile()
  Given Not Employed saving goals requirement $200000                               # StepDefinitions.NotEmployedCalculateProjectedBalanceSteps.not_Employed_saving_goals_requirement_$200000()
  Then Not Employed able to click KiwiSaver Retirement projection                   # StepDefinitions.NotEmployedCalculateProjectedBalanceSteps.not_Employed_able_to_click_KiwiSaver_Retirement_projection()
  And Not Employed able view Summary                                                # StepDefinitions.NotEmployedCalculateProjectedBalanceSteps.not_Employed_able_view_Summary()
  And Not Employed able to check projected balance                                  # StepDefinitions.NotEmployedCalculateProjectedBalanceSteps.not_Employed_able_to_check_projected_balance()
]]></system-out>
    <system-err><![CDATA[Starting ChromeDriver 83.0.4103.39 (ccbf011cb2d2b19b506d844400483861342c20cd-refs/branch-heads/4103@{#416}) on port 19068
Only local connections are allowed.
Please see https://chromedriver.chromium.org/security-considerations for suggestions on keeping ChromeDriver safe.
ChromeDriver was started successfully.
Jul 10, 2020 10:37:56 AM org.openqa.selenium.remote.ProtocolHandshake createSession
INFO: Detected dialect: W3C
]]></system-err>
  </testcase>
  <testcase name="TestCase3_SelfEmployed able to view Projected projected at his retirement" classname="As a Product Owner" time="13.907">
    <system-out><![CDATA[
Scenario: TestCase3_SelfEmployed able to view Projected projected at his retirement # src/test/resources/Features/SelfEmployedCalculateProjectedBalance.feature:13
C:\Users\Testit\OneDrive\Desktop\WestpacTest\WP-KS_CalcTest4ForDemoTesting
Clicked on main page
  Given self Employed is on KiwisaverretirementCalculator                           # StepDefinitions.SelfEmployedCalculateProjectedBalanceSteps.self_Employed_is_on_KiwisaverretirementCalculator()
  Given self Employed enters age 45Years                                            # StepDefinitions.SelfEmployedCalculateProjectedBalanceSteps.self_Employed_enters_age_45Years()

Employed
Self-employed
  Given self Employed enters Employment status as self-Employed                     # StepDefinitions.SelfEmployedCalculateProjectedBalanceSteps.self_Employed_enters_Employment_status_as_self_Employed()
  Given self Employed enters kiwisaver balance 100000                               # StepDefinitions.SelfEmployedCalculateProjectedBalanceSteps.self_Employed_enters_kiwisaver_balance_100000()
  Given self Employed enters voluntary contribution $90 fortnightly                 # StepDefinitions.SelfEmployedCalculateProjectedBalanceSteps.self_Employed_enters_voluntary_contribution_$90_fortnightly()
  Given self Employed chooses medium risk                                           # StepDefinitions.SelfEmployedCalculateProjectedBalanceSteps.self_Employed_chooses_medium_risk()
  Given self Employed saving goals requirement $290000                              # StepDefinitions.SelfEmployedCalculateProjectedBalanceSteps.self_Employed_saving_goals_requirement_$290000()
  Then self Employed able to click KiwiSaver Retirement projection                  # StepDefinitions.SelfEmployedCalculateProjectedBalanceSteps.self_Employed_able_to_click_KiwiSaver_Retirement_projection()
  And self Employed able view Summary                                               # StepDefinitions.SelfEmployedCalculateProjectedBalanceSteps.self_Employed_able_view_Summary()
  And self Employed able to check projected balance                                 # StepDefinitions.SelfEmployedCalculateProjectedBalanceSteps.self_Employed_able_to_check_projected_balance()
]]></system-out>
    <system-err><![CDATA[Starting ChromeDriver 83.0.4103.39 (ccbf011cb2d2b19b506d844400483861342c20cd-refs/branch-heads/4103@{#416}) on port 15055
Only local connections are allowed.
Please see https://chromedriver.chromium.org/security-considerations for suggestions on keeping ChromeDriver safe.
ChromeDriver was started successfully.
Jul 10, 2020 10:38:10 AM org.openqa.selenium.remote.ProtocolHandshake createSession
INFO: Detected dialect: W3C
]]></system-err>
  </testcase>
</testsuite>